{"/Users/malik/Documents/codeWorld/basic-eccomerce-back-end/firebase/index.ts": {"path":"/Users/malik/Documents/codeWorld/basic-eccomerce-back-end/firebase/index.ts","statementMap":{"0":{"start":{"line":1,"column":0},"end":{"line":1,"column":40}},"1":{"start":{"line":2,"column":0},"end":{"line":2,"column":55}},"2":{"start":{"line":10,"column":13},"end":{"line":10,"column":22}},"3":{"start":{"line":3,"column":0},"end":{"line":3,"column":49}},"4":{"start":{"line":5,"column":0},"end":{"line":7,"column":3}},"5":{"start":{"line":9,"column":38},"end":{"line":9,"column":55}},"6":{"start":{"line":10,"column":9},"end":{"line":10,"column":11}}},"fnMap":{},"branchMap":{},"s":{"0":1,"1":1,"2":1,"3":1,"4":1,"5":1,"6":1},"f":{},"b":{}}
,"/Users/malik/Documents/codeWorld/basic-eccomerce-back-end/functions/customer/index.ts": {"path":"/Users/malik/Documents/codeWorld/basic-eccomerce-back-end/functions/customer/index.ts","statementMap":{"0":{"start":{"line":1,"column":0},"end":{"line":1,"column":36}},"1":{"start":{"line":3,"column":19},"end":{"line":16,"column":2}},"2":{"start":{"line":3,"column":57},"end":{"line":16,"column":2}},"3":{"start":{"line":4,"column":15},"end":{"line":7,"column":4}},"4":{"start":{"line":8,"column":17},"end":{"line":8,"column":49}},"5":{"start":{"line":9,"column":13},"end":{"line":9,"column":22}},"6":{"start":{"line":10,"column":18},"end":{"line":12,"column":null}},"7":{"start":{"line":14,"column":2},"end":{"line":14,"column":31}},"8":{"start":{"line":15,"column":2},"end":{"line":15,"column":24}},"9":{"start":{"line":39,"column":9},"end":{"line":39,"column":19}},"10":{"start":{"line":17,"column":16},"end":{"line":25,"column":2}},"11":{"start":{"line":17,"column":45},"end":{"line":25,"column":2}},"12":{"start":{"line":18,"column":18},"end":{"line":18,"column":44}},"13":{"start":{"line":19,"column":19},"end":{"line":19,"column":68}},"14":{"start":{"line":20,"column":18},"end":{"line":20,"column":20}},"15":{"start":{"line":21,"column":2},"end":{"line":23,"column":5}},"16":{"start":{"line":22,"column":4},"end":{"line":22,"column":26}},"17":{"start":{"line":24,"column":2},"end":{"line":24,"column":14}},"18":{"start":{"line":39,"column":33},"end":{"line":39,"column":40}},"19":{"start":{"line":26,"column":20},"end":{"line":34,"column":2}},"20":{"start":{"line":26,"column":31},"end":{"line":34,"column":2}},"21":{"start":{"line":27,"column":18},"end":{"line":27,"column":44}},"22":{"start":{"line":28,"column":19},"end":{"line":28,"column":78}},"23":{"start":{"line":29,"column":19},"end":{"line":29,"column":21}},"24":{"start":{"line":30,"column":2},"end":{"line":32,"column":5}},"25":{"start":{"line":31,"column":4},"end":{"line":31,"column":27}},"26":{"start":{"line":33,"column":2},"end":{"line":33,"column":15}},"27":{"start":{"line":39,"column":42},"end":{"line":39,"column":53}},"28":{"start":{"line":35,"column":19},"end":{"line":38,"column":2}},"29":{"start":{"line":35,"column":40},"end":{"line":38,"column":2}},"30":{"start":{"line":36,"column":2},"end":{"line":36,"column":52}},"31":{"start":{"line":37,"column":2},"end":{"line":37,"column":24}},"32":{"start":{"line":39,"column":21},"end":{"line":39,"column":31}}},"fnMap":{"0":{"name":"(anonymous_7)","decl":{"start":{"line":3,"column":19},"end":{"line":3,"column":26}},"loc":{"start":{"line":3,"column":57},"end":{"line":16,"column":2}}},"1":{"name":"(anonymous_8)","decl":{"start":{"line":3,"column":57},"end":{"line":3,"column":null}},"loc":{"start":{"line":3,"column":57},"end":{"line":16,"column":1}}},"2":{"name":"(anonymous_9)","decl":{"start":{"line":17,"column":16},"end":{"line":17,"column":23}},"loc":{"start":{"line":17,"column":45},"end":{"line":25,"column":2}}},"3":{"name":"(anonymous_10)","decl":{"start":{"line":17,"column":45},"end":{"line":17,"column":null}},"loc":{"start":{"line":17,"column":45},"end":{"line":25,"column":1}}},"4":{"name":"(anonymous_11)","decl":{"start":{"line":21,"column":19},"end":{"line":21,"column":20}},"loc":{"start":{"line":21,"column":32},"end":{"line":23,"column":3}}},"5":{"name":"(anonymous_12)","decl":{"start":{"line":26,"column":20},"end":{"line":26,"column":29}},"loc":{"start":{"line":26,"column":31},"end":{"line":34,"column":2}}},"6":{"name":"(anonymous_13)","decl":{"start":{"line":26,"column":31},"end":{"line":26,"column":null}},"loc":{"start":{"line":26,"column":31},"end":{"line":34,"column":1}}},"7":{"name":"(anonymous_14)","decl":{"start":{"line":30,"column":19},"end":{"line":30,"column":20}},"loc":{"start":{"line":30,"column":32},"end":{"line":32,"column":3}}},"8":{"name":"(anonymous_15)","decl":{"start":{"line":35,"column":19},"end":{"line":35,"column":26}},"loc":{"start":{"line":35,"column":40},"end":{"line":38,"column":2}}},"9":{"name":"(anonymous_16)","decl":{"start":{"line":35,"column":40},"end":{"line":35,"column":null}},"loc":{"start":{"line":35,"column":40},"end":{"line":38,"column":1}}}},"branchMap":{},"s":{"0":1,"1":1,"2":1,"3":1,"4":1,"5":1,"6":1,"7":1,"8":1,"9":1,"10":1,"11":0,"12":0,"13":0,"14":0,"15":0,"16":0,"17":0,"18":1,"19":1,"20":0,"21":0,"22":0,"23":0,"24":0,"25":0,"26":0,"27":1,"28":1,"29":1,"30":1,"31":1,"32":1},"f":{"0":1,"1":1,"2":0,"3":0,"4":0,"5":0,"6":0,"7":0,"8":1,"9":1},"b":{}}
}
