TN:
SF:firebase/index.ts
FNF:0
FNH:0
DA:1,1
DA:2,1
DA:3,1
DA:5,1
DA:9,1
DA:10,1
LF:6
LH:6
BRF:0
BRH:0
end_of_record
TN:
SF:functions/customer/index.ts
FN:3,(anonymous_7)
FN:3,(anonymous_8)
FN:17,(anonymous_9)
FN:17,(anonymous_10)
FN:21,(anonymous_11)
FN:26,(anonymous_12)
FN:26,(anonymous_13)
FN:30,(anonymous_14)
FN:35,(anonymous_15)
FN:35,(anonymous_16)
FNF:10
FNH:4
FNDA:1,(anonymous_7)
FNDA:1,(anonymous_8)
FNDA:0,(anonymous_9)
FNDA:0,(anonymous_10)
FNDA:0,(anonymous_11)
FNDA:0,(anonymous_12)
FNDA:0,(anonymous_13)
FNDA:0,(anonymous_14)
FNDA:1,(anonymous_15)
FNDA:1,(anonymous_16)
DA:1,1
DA:3,1
DA:4,1
DA:8,1
DA:9,1
DA:10,1
DA:14,1
DA:15,1
DA:17,1
DA:18,0
DA:19,0
DA:20,0
DA:21,0
DA:22,0
DA:24,0
DA:26,1
DA:27,0
DA:28,0
DA:29,0
DA:30,0
DA:31,0
DA:33,0
DA:35,1
DA:36,1
DA:37,1
DA:39,1
LF:26
LH:14
BRF:0
BRH:0
end_of_record
